<?xml version="1.0" encoding="UTF-8"?>
<testsuite xmlns:xsi="http://www.w3.org/2001/XMLSchema-instance" xsi:noNamespaceSchemaLocation="https://maven.apache.org/surefire/maven-surefire-plugin/xsd/surefire-test-report.xsd" name="my.app.andrey.DequeTest" time="0.144" tests="1" errors="0" skipped="0" failures="0">
  <properties>
    <property name="awt.toolkit" value="sun.awt.X11.XToolkit"/>
    <property name="java.specification.version" value="11"/>
    <property name="sun.cpu.isalist" value=""/>
    <property name="sun.jnu.encoding" value="UTF-8"/>
    <property name="java.class.path" value="/home/pndreya/coursera_algo/maven/my-app/target/test-classes:/home/pndreya/coursera_algo/maven/my-app/target/classes:/home/pndreya/.m2/repository/junit/junit/4.11/junit-4.11.jar:/home/pndreya/.m2/repository/org/hamcrest/hamcrest-core/1.3/hamcrest-core-1.3.jar:/home/pndreya/.m2/repository/org/assertj/assertj-core/2.1.0/assertj-core-2.1.0.jar:"/>
    <property name="java.vm.vendor" value="Debian"/>
    <property name="sun.arch.data.model" value="64"/>
    <property name="java.vendor.url" value="https://tracker.debian.org/openjdk-11"/>
    <property name="user.timezone" value=""/>
    <property name="java.vm.specification.version" value="11"/>
    <property name="os.name" value="Linux"/>
    <property name="sun.java.launcher" value="SUN_STANDARD"/>
    <property name="user.country" value="US"/>
    <property name="sun.boot.library.path" value="/usr/lib/jvm/java-11-openjdk-arm64/lib"/>
    <property name="sun.java.command" value="/home/pndreya/coursera_algo/maven/my-app/target/surefire/surefirebooter475982021998395444.jar /home/pndreya/coursera_algo/maven/my-app/target/surefire 2023-12-31T17-07-44_411-jvmRun1 surefire13885900048634826747tmp surefire_01692627340810203091tmp"/>
    <property name="jdk.debug" value="release"/>
    <property name="test" value="DequeTest"/>
    <property name="surefire.test.class.path" value="/home/pndreya/coursera_algo/maven/my-app/target/test-classes:/home/pndreya/coursera_algo/maven/my-app/target/classes:/home/pndreya/.m2/repository/junit/junit/4.11/junit-4.11.jar:/home/pndreya/.m2/repository/org/hamcrest/hamcrest-core/1.3/hamcrest-core-1.3.jar:/home/pndreya/.m2/repository/org/assertj/assertj-core/2.1.0/assertj-core-2.1.0.jar:"/>
    <property name="sun.cpu.endian" value="little"/>
    <property name="user.home" value="/home/pndreya"/>
    <property name="user.language" value="en"/>
    <property name="java.specification.vendor" value="Oracle Corporation"/>
    <property name="java.version.date" value="2023-10-17"/>
    <property name="java.home" value="/usr/lib/jvm/java-11-openjdk-arm64"/>
    <property name="file.separator" value="/"/>
    <property name="basedir" value="/home/pndreya/coursera_algo/maven/my-app"/>
    <property name="java.vm.compressedOopsMode" value="32-bit"/>
    <property name="line.separator" value="&#10;"/>
    <property name="java.specification.name" value="Java Platform API Specification"/>
    <property name="java.vm.specification.vendor" value="Oracle Corporation"/>
    <property name="java.awt.graphicsenv" value="sun.awt.X11GraphicsEnvironment"/>
    <property name="surefire.real.class.path" value="/home/pndreya/coursera_algo/maven/my-app/target/surefire/surefirebooter475982021998395444.jar"/>
    <property name="sun.management.compiler" value="HotSpot 64-Bit Tiered Compilers"/>
    <property name="java.runtime.version" value="11.0.21+9-post-Debian-1deb11u1"/>
    <property name="user.name" value="pndreya"/>
    <property name="path.separator" value=":"/>
    <property name="os.version" value="6.1.55-06877-gc83437f2949f"/>
    <property name="java.runtime.name" value="OpenJDK Runtime Environment"/>
    <property name="file.encoding" value="UTF-8"/>
    <property name="java.vm.name" value="OpenJDK 64-Bit Server VM"/>
    <property name="localRepository" value="/home/pndreya/.m2/repository"/>
    <property name="java.vendor.url.bug" value="https://bugs.debian.org/openjdk-11"/>
    <property name="java.io.tmpdir" value="/tmp"/>
    <property name="java.version" value="11.0.21"/>
    <property name="user.dir" value="/home/pndreya/coursera_algo/maven/my-app"/>
    <property name="os.arch" value="aarch64"/>
    <property name="java.vm.specification.name" value="Java Virtual Machine Specification"/>
    <property name="java.awt.printerjob" value="sun.print.PSPrinterJob"/>
    <property name="sun.os.patch.level" value="unknown"/>
    <property name="java.library.path" value="/usr/java/packages/lib:/usr/lib/aarch64-linux-gnu/jni:/lib/aarch64-linux-gnu:/usr/lib/aarch64-linux-gnu:/usr/lib/jni:/lib:/usr/lib"/>
    <property name="java.vm.info" value="mixed mode"/>
    <property name="java.vendor" value="Debian"/>
    <property name="java.vm.version" value="11.0.21+9-post-Debian-1deb11u1"/>
    <property name="java.specification.maintenance.version" value="2"/>
    <property name="sun.io.unicode.encoding" value="UnicodeLittle"/>
    <property name="java.class.version" value="55.0"/>
  </properties>
  <testcase name="testIterator1" classname="my.app.andrey.DequeTest" time="0.092"/>
</testsuite>